app/seeds.txt
com.kotlin.myapplication.R$id: int line1
com.kotlin.myapplication.R$id: int forever
com.kotlin.myapplication.R$id: int tag_accessibility_clickable_spans
com.kotlin.myapplication.R$id: int btn_set_attr_t
com.kotlin.myapplication.R$id: int activity_chooser_view_content
com.kotlin.myapplication.R$id: int actions
com.kotlin.myapplication.R$id: int title_template
com.kotlin.myapplication.R$id: int action_text
com.kotlin.myapplication.R$id: int notification_background
com.kotlin.myapplication.R$id: int accessibility_action_clickable_span
com.kotlin.myapplication.R$id: int action_bar_subtitle
com.kotlin.myapplication.R$id: int accessibility_custom_action_21
com.kotlin.myapplication.R$id: int tabMode
com.kotlin.myapplication.R$id: int SYM
com.kotlin.myapplication.R$id: int et_channel_msg
com.kotlin.myapplication.R$id: int checked
com.kotlin.myapplication.R$id: int bottom
com.kotlin.myapplication.R$id: int italic
com.kotlin.myapplication.R$id: int right
com.kotlin.myapplication.R$id: int accessibility_custom_action_22
com.kotlin.myapplication.R$id: int add
com.kotlin.myapplication.R$id: int action_context_bar
com.kotlin.myapplication.R$id: int search_voice_btn
com.kotlin.myapplication.R$id: int accessibility_custom_action_19
com.kotlin.myapplication.R$id: int scrollView
com.kotlin.myapplication.R$id: int collapseActionView
com.kotlin.myapplication.R$id: int btn_query_user_status
com.kotlin.myapplication.R$id: int ifRoom
com.kotlin.myapplication.R$id: int tag_accessibility_heading
com.kotlin.myapplication.R$id: int listMode
com.kotlin.myapplication.R$id: int search_button
com.kotlin.myapplication.R$id: int info
com.kotlin.myapplication.R$id: int search_src_text
com.kotlin.myapplication.R$id: int search_plate
com.kotlin.myapplication.R$id: int scrollIndicatorDown
com.kotlin.myapplication.R$id: int action_bar_title
com.kotlin.myapplication.R$id: int login
com.kotlin.myapplication.R$id: int submit_area
com.kotlin.myapplication.R$id: int up
com.kotlin.myapplication.R$id: int accessibility_custom_action_3
com.kotlin.myapplication.R$id: int accessibility_custom_action_18
com.kotlin.myapplication.R$id: int normal
com.kotlin.myapplication.R$id: int CTRL
com.kotlin.myapplication.R$id: int accessibility_custom_action_25
com.kotlin.myapplication.R$id: int tag_accessibility_actions
com.kotlin.myapplication.R$id: int customPanel
com.kotlin.myapplication.R$id: int unchecked
com.kotlin.myapplication.R$id: int action_container
com.kotlin.myapplication.R$id: int leave_channel_111
com.kotlin.myapplication.R$id: int end
com.kotlin.myapplication.R$id: int action_mode_bar
com.kotlin.myapplication.R$id: int accessibility_custom_action_29
com.kotlin.myapplication.R$id: int tag_unhandled_key_event_manager
com.kotlin.myapplication.R$id: int text2
com.kotlin.myapplication.R$id: int tag_transition_group
com.kotlin.myapplication.R$id: int spread
com.kotlin.myapplication.R$id: int progress_horizontal
com.kotlin.myapplication.R$id: int chronometer
com.kotlin.myapplication.R$id: int blocking
com.kotlin.myapplication.R$id: int packed
com.kotlin.myapplication.R$id: int showHome
com.kotlin.myapplication.R$id: int textSpacerNoButtons
com.kotlin.myapplication.R$id: int title
com.kotlin.myapplication.R$id: int accessibility_custom_action_12
com.kotlin.myapplication.R$id: int accessibility_custom_action_24
com.kotlin.myapplication.R$id: int showCustom
com.kotlin.myapplication.R$id: int action_image
com.kotlin.myapplication.R$id: int action_bar_container
com.kotlin.myapplication.R$id: int accessibility_custom_action_17
com.kotlin.myapplication.R$id: int btn_get_attr_t
com.kotlin.myapplication.R$id: int split_action_bar
com.kotlin.myapplication.R$id: int src_over
com.kotlin.myapplication.R$id: int tag_accessibility_pane_title
com.kotlin.myapplication.R$id: int accessibility_custom_action_7
com.kotlin.myapplication.R$id: int notification_main_column_container
com.kotlin.myapplication.R$id: int search_close_btn
com.kotlin.myapplication.R$id: int accessibility_custom_action_6
...
androidx.appcompat.R$dimen: int abc_disabled_alpha_material_dark
com.duobeiyun.generamessagesdk.R$attr: int tooltipText
com.duobeiyun.generamessagesdk.callback.LoginStateCallbackKt: void main()
com.duobeiyun.generamessagesdk.R$dimen: int hint_pressed_alpha_material_light
androidx.appcompat.R$drawable: int abc_ic_menu_share_mtrl_alpha
com.duobeiyun.generamessagesdk.R$style: int Widget_AppCompat_Button_Borderless_Colored
com.duobeiyun.generamessagesdk.constant.LoginStateConstant: java.lang.String STATE_SERVER_DISCONNECT_REASON
com.duobeiyun.generamessagesdk.connect.Connect: int getCONNECTION_STATE_RECONNECTING()
androidx.appcompat.R$style: int Base_TextAppearance_AppCompat_Widget_PopupMenu_Large
com.duobeiyun.generamessagesdk.R$drawable: int abc_list_divider_mtrl_alpha
androidx.appcompat.R$styleable: int AppCompatImageView_tint
com.duobeiyun.generamessagesdk.R$attr: int queryBackground
com.duobeiyun.generamessagesdk.R$style: int Base_TextAppearance_AppCompat_Widget_Button_Borderless_Colored
com.duobeiyun.generamessagesdk.R$integer: R$integer()
com.duobeiyun.generamessagesdk.invite.Invitation: void setInvitee$generamessagesdk_release(java.lang.String)
androidx.appcompat.R$style: int Base_Widget_AppCompat_ListView_DropDown
androidx.appcompat.R$dimen: int abc_text_size_display_4_material
com.duobeiyun.generamessagesdk.connect.UserModel$b: java.lang.Object clone()
com.duobeiyun.generamessagesdk.R$styleable: int Spinner_android_entries
com.duobeiyun.generamessagesdk.R$id: int search_src_text
com.duobeiyun.generamessagesdk.callback.LoginStateCallback$Companion: int STATE_LOGIN_Failed
androidx.appcompat.R$attr: int titleMarginStart
com.duobeiyun.generamessagesdk.R$color: int button_material_dark
androidx.appcompat.R$attr: int selectableItemBackgroundBorderless
androidx.appcompat.R$dimen: int compat_control_corner_material
com.duobeiyun.generamessagesdk.R$style: int Base_Widget_AppCompat_CompoundButton_RadioButton
androidx.appcompat.R$style: int Base_Widget_AppCompat_ProgressBar_Horizontal
androidx.appcompat.R$style: int Widget_Compat_NotificationActionText
androidx.appcompat.R$color: int bright_foreground_material_light
androidx.appcompat.widget.Toolbar: void setCollapseIcon(int)
androidx.fragment.app.FragmentManagerViewModel
androidx.appcompat.R$styleable: int ColorStateListItem_android_alpha
com.duobeiyun.generamessagesdk.R$styleable: int AppCompatTheme_alertDialogStyle
com.duobeiyun.generamessagesdk.R$style: int Base_TextAppearance_AppCompat_Widget_PopupMenu_Header
com.duobeiyun.generamessagesdk.R$attr: int menu
com.duobeiyun.generamessagesdk.R$styleable: int Toolbar_buttonGravity
androidx.appcompat.R$attr: int listPreferredItemPaddingStart
com.duobeiyun.generamessagesdk.R$id: int action_mode_bar
androidx.appcompat.R$styleable: int AppCompatTheme_seekBarStyle
androidx.core.R$id: int accessibility_custom_action_5
com.duobeiyun.generamessagesdk.R$drawable: int abc_seekbar_thumb_material
com.duobeiyun.generamessagesdk.R$attr: int subtitleTextStyle
com.duobeiyun.generamessagesdk.R$attr: int drawableRightCompat
androidx.core.R$id: int accessibility_custom_action_13
androidx.appcompat.R$style: int Widget_AppCompat_CompoundButton_RadioButton
com.duobeiyun.generamessagesdk.R$style: int Widget_AppCompat_Button_Colored
androidx.appcompat.R$style: int Base_V23_Theme_AppCompat_Light
androidx.appcompat.R$styleable: int AppCompatTheme_windowMinWidthMajor
com.duobeiyun.generamessagesdk.R$id: int wrap_content
androidx.appcompat.widget.ActionMenuView: int getPopupTheme()
androidx.appcompat.widget.AppCompatRadioButton
com.duobeiyun.generamessagesdk.R$style: int Platform_V21_AppCompat_Light
com.duobeiyun.generamessagesdk.R$styleable: int ActionBar_navigationMode
com.duobeiyun.generamessagesdk.R$styleable: int MenuItem_android_orderInCategory
androidx.core.app.ComponentActivity: ComponentActivity()
androidx.appcompat.widget.AppCompatAutoCompleteTextView: void setDropDownBackgroundResource(int)