app/mapping.txt
# compiler: R8
# compiler_version: 2.0.74
# min_api: 21
# pg_map_id: c095a2c
# common_typos_disable
com.kotlin.myapplication.MainActivity -> com.kotlin.myapplication.MainActivity:
    java.lang.String TEST_APPID -> w
    com.duobeiyun.generamessagedemo.test.TestManager testManger -> y
    java.util.HashMap _$_findViewCache -> z
    java.lang.String userId -> v
    java.lang.String TEST_APPKEY -> x
    com.duobeiyun.generamessagesdk.channel.GmsChannel createChannel999 -> t
    com.duobeiyun.generamessagesdk.channel.GmsChannel createChannel111 -> u
    com.duobeiyun.generamessagesdk.client.GmsClient createInstance -> s
    1:1:void <init>():23:23 -> <init>
    2:3:void <init>():28:29 -> <init>
    android.view.View _$_findCachedViewById(int) -> E
    1:5:void createClientInstance():51:55 -> F
    6:6:void createClientInstance():51:51 -> F
    1:1:void getChannelAttributesByKeys(java.lang.String):260:260 -> G
    2:3:void getChannelAttributesByKeys(java.lang.String):262:263 -> G
    4:4:void getChannelAttributesByKeys(java.lang.String):260:260 -> G
    1:2:void getUserAttributes():298:299 -> H
    3:3:void getUserAttributes():298:298 -> H
    1:3:void init():41:43 -> I
    4:4:void init():46:46 -> I
    5:5:void init():43:43 -> I
    1:1:void initListeners():76:76 -> J
    2:6:void initListeners():78:82 -> J
    7:7:void initListeners():84:84 -> J
    8:15:void initListeners():86:93 -> J
    1:1:com.duobeiyun.generamessagesdk.channel.GmsChannel joinChanel(java.lang.String):181:181 -> K
com.kotlin.myapplication.MainActivity$createClientInstance$1 -> com.kotlin.myapplication.MainActivity$a:
    1:1:void <init>():55:55 -> <init>
    1:1:void onConnectionStateChanged(int,int):60:60 -> onConnectionStateChanged
    2:2:void onConnectionStateChanged(int,int):58:58 -> onConnectionStateChanged
    1:1:void onMessageReceived(com.duobeiyun.generamessagesdk.connect.bean.GmsMessage,java.lang.String):65:65 -> onMessageReceived
    1:1:void onPeersOnlineStatusChanged(java.util.Map):70:70 -> onPeersOnlineStatusChanged
com.kotlin.myapplication.MainActivity$getChannelAttributesByKeys$1 -> com.kotlin.myapplication.MainActivity$b:
    1:1:void <init>():263:263 -> <init>
    1:1:void onSuccess(java.util.List):265:265 -> a
    1:1:void onFailure(com.duobeiyun.generamessagesdk.ErrorInfo):271:271 -> onFailure
    2:2:void onFailure(com.duobeiyun.generamessagesdk.ErrorInfo):269:269 -> onFailure
    1:1:void onSuccess(java.lang.Object):263:263 -> onSuccess
com.kotlin.myapplication.MainActivity$getUserAttributes$1 -> com.kotlin.myapplication.MainActivity$c:
    1:1:void <init>():299:299 -> <init>
    1:1:void onSuccess(java.util.List):301:301 -> a
    1:1:void onFailure(com.duobeiyun.generamessagesdk.ErrorInfo):307:307 -> onFailure
    2:2:void onFailure(com.duobeiyun.generamessagesdk.ErrorInfo):305:305 -> onFailure
    1:1:void onSuccess(java.lang.Object):299:299 -> onSuccess
com.kotlin.myapplication.MainActivity$joinChanel$1 -> com.kotlin.myapplication.MainActivity$d:
    1:1:void <init>():196:196 -> <init>
    1:1:void onSuccess(java.lang.Void):198:198 -> a
    1:1:void onFailure(com.duobeiyun.generamessagesdk.ErrorInfo):202:202 -> onFailure
    1:1:void onSuccess(java.lang.Object):196:196 -> onSuccess
com.kotlin.myapplication.MainActivity$joinChanel$chanel$1 -> com.kotlin.myapplication.MainActivity$e:
    1:1:void <init>():181:181 -> <init>
    1:1:void onAttributesUpdated(java.util.List):193:193 -> onAttributesUpdated
    1:1:void onMessageReceived(com.duobeiyun.generamessagesdk.connect.bean.GmsMessage,com.duobeiyun.generamessagesdk.channel.bean.GmsChannelMember):189:189 -> onMessageReceived
com.kotlin.myapplication.MainActivity$leaveChanel$1 -> com.kotlin.myapplication.MainActivity$f:
    1:1:void <init>():209:209 -> <init>
    1:1:void onSuccess(java.lang.Void):211:211 -> a
    1:1:void onFailure(com.duobeiyun.generamessagesdk.ErrorInfo):215:215 -> onFailure
    1:1:void onSuccess(java.lang.Object):209:209 -> onSuccess
...
androidx.collection.MapCollections -> c.d.f:
    androidx.collection.MapCollections$KeySet mKeySet -> b
    androidx.collection.MapCollections$ValuesCollection mValues -> c
    androidx.collection.MapCollections$EntrySet mEntrySet -> a
    1:1:void <init>():32:32 -> <init>
    void colClear() -> a
    java.lang.Object colGetEntry(int,int) -> b
    java.util.Map colGetMap() -> c
    int colGetSize() -> d
    int colIndexOfKey(java.lang.Object) -> e
    int colIndexOfValue(java.lang.Object) -> f
    void colPut(java.lang.Object,java.lang.Object) -> g
    void colRemoveAt(int) -> h
    java.lang.Object colSetValue(int,java.lang.Object) -> i
    1:3:boolean containsAllHelper(java.util.Map,java.util.Collection):459:461 -> j
    1:2:boolean equalsSetHelper(java.util.Set,java.lang.Object):518:519 -> k
    3:3:boolean equalsSetHelper(java.util.Set,java.lang.Object):522:522 -> k
    1:2:java.util.Set getEntrySet():533:534 -> l
    3:3:java.util.Set getEntrySet():536:536 -> l
    1:2:java.util.Set getKeySet():540:541 -> m
    3:3:java.util.Set getKeySet():543:543 -> m
    1:2:java.util.Collection getValues():547:548 -> n
    3:3:java.util.Collection getValues():550:550 -> n
    1:4:boolean removeAllHelper(java.util.Map,java.util.Collection):469:472 -> o
    5:5:boolean removeAllHelper(java.util.Map,java.util.Collection):474:474 -> o
    1:5:boolean retainAllHelper(java.util.Map,java.util.Collection):478:482 -> p
androidx.collection.MapCollections$ArrayIterator -> c.d.f$a:
    androidx.collection.MapCollections this$0 -> f
    boolean mCanRemove -> e
    int mIndex -> d
    int mOffset -> b
    int mSize -> c
    1:1:void <init>(androidx.collection.MapCollections,int):43:43 -> <init>
    2:2:void <init>(androidx.collection.MapCollections,int):41:41 -> <init>
    3:4:void <init>(androidx.collection.MapCollections,int):44:45 -> <init>
    1:1:boolean hasNext():50:50 -> hasNext
    1:4:java.lang.Object next():55:58 -> next
    5:5:java.lang.Object next():55:55 -> next
    1:1:void remove():64:64 -> remove
    2:5:void remove():67:70 -> remove
    6:6:void remove():65:65 -> remove
androidx.collection.MapCollections$EntrySet -> c.d.f$b:
    androidx.collection.MapCollections this$0 -> b
    1:1:void <init>(androidx.collection.MapCollections):167:167 -> <init>
    1:1:boolean add(java.util.Map$Entry):170:170 -> a
    1:1:boolean add(java.lang.Object):167:167 -> add
    1:3:boolean addAll(java.util.Collection):175:177 -> addAll
    4:4:boolean addAll(java.util.Collection):179:179 -> addAll
    1:1:void clear():184:184 -> clear
    1:1:boolean contains(java.lang.Object):189:189 -> contains
    2:3:boolean contains(java.lang.Object):191:192 -> contains
    4:5:boolean contains(java.lang.Object):196:197 -> contains
    1:3:boolean containsAll(java.util.Collection):202:204 -> containsAll
    1:1:boolean equals(java.lang.Object):253:253 -> equals
    1:5:int hashCode():259:263 -> hashCode
    1:1:boolean isEmpty():213:213 -> isEmpty
    1:1:java.util.Iterator iterator():218:218 -> iterator
    1:1:boolean remove(java.lang.Object):223:223 -> remove
    1:1:boolean removeAll(java.util.Collection):228:228 -> removeAll
    1:1:boolean retainAll(java.util.Collection):233:233 -> retainAll
    1:1:int size():238:238 -> size
    1:1:java.lang.Object[] toArray():243:243 -> toArray
    2:2:java.lang.Object[] toArray(java.lang.Object[]):248:248 -> toArray