app/unused.txt
com.kotlin.myapplication.R$anim
com.kotlin.myapplication.R$attr
com.kotlin.myapplication.R$drawable
com.kotlin.myapplication.MainActivity:
    public final com.duobeiyun.generamessagesdk.client.GmsClient getCreateInstance()
    public final void setCreateInstance(com.duobeiyun.generamessagesdk.client.GmsClient)
    public final com.duobeiyun.generamessagesdk.channel.GmsChannel getCreateChannel999()
    public final void setCreateChannel999(com.duobeiyun.generamessagesdk.channel.GmsChannel)
    public final com.duobeiyun.generamessagesdk.channel.GmsChannel getCreateChannel111()
    public final void setCreateChannel111(com.duobeiyun.generamessagesdk.channel.GmsChannel)
    public final java.lang.String getUserId()
    public final void setUserId(java.lang.String)
    public final java.lang.String getTEST_APPID()
    public final java.lang.String getTEST_APPKEY()
    public final com.duobeiyun.generamessagedemo.test.TestManager getTestManger()
    public final void setTestManger(com.duobeiyun.generamessagedemo.test.TestManager)
    public void _$_clearFindViewByIdCache()
com.kotlin.myapplication.R$string
com.kotlin.myapplication.R$bool
com.kotlin.myapplication.BuildConfig
com.kotlin.myapplication.R$style
com.kotlin.myapplication.R$layout
com.kotlin.myapplication.R$interpolator
com.kotlin.myapplication.R$integer
com.kotlin.myapplication.R$color
com.kotlin.myapplication.R
com.kotlin.myapplication.R$styleable
com.kotlin.myapplication.R$dimen
com.kotlin.myapplication.R$id:
    private void <init>()
com.kotlin.myapplication.R$mipmap
...
androidx.core.view.MenuKt
okhttp3.CertificatePinner:
    public varargs void check(java.lang.String,java.security.cert.Certificate[])
androidx.appcompat.app.ActionBar$OnNavigationListener
org.jetbrains.annotations.NonNls
kotlin.text.FlagEnum
androidx.core.content.SharedPreferencesCompat$EditorCompat$Helper
androidx.core.view.DragStartHelper$1
kotlin.coroutines.SafeContinuation
okhttp3.internal.io.FileSystem$1
kotlin.io.FileSystemException
kotlin.jvm.internal.ByteCompanionObject
kotlin.random.PlatformRandomKt
com.duobeiyun.generamessagedemo.test.invitee.Invitee:
    public static final synthetic void access$setTag$p(com.duobeiyun.generamessagedemo.test.invitee.Invitee,java.lang.String)
    public final android.content.Context getContext()
    public final void setContext(android.content.Context)
    public final com.duobeiyun.generamessagesdk.client.GmsClient getInstance()
    public final void setInstance(com.duobeiyun.generamessagesdk.client.GmsClient)
kotlin.text.TypeAliasesKt
androidx.vectordrawable.R$id
androidx.core.database.sqlite.SQLiteDatabaseKt
androidx.appcompat.widget.SearchView:
    public boolean isIconfiedByDefault()
    public boolean isSubmitButtonEnabled()
    public boolean isQueryRefinementEnabled()
    static final boolean DBG
    static final java.lang.String LOG_TAG
    private static final java.lang.String IME_OPTION_NO_MICROPHONE
androidx.appcompat.resources.R$attr
kotlin.sequences.SequencesKt__SequencesJVMKt
androidx.customview.widget.FocusStrategy
androidx.appcompat.widget.ViewUtils:
    private void <init>()
    private static final java.lang.String TAG
androidx.core.provider.FontsContractCompat$FontFamilyResult:
    public static final int STATUS_OK
    public static final int STATUS_WRONG_CERTIFICATES
    public static final int STATUS_UNEXPECTED_DATA_PROVIDED
kotlin.Deprecated
androidx.core.R$style
androidx.viewpager.R$styleable
kotlin.collections.UCollectionsKt___UCollectionsKt
kotlin.sequences.SequencesKt___SequencesKt$scan$1
androidx.core.app.JobIntentService$CompatWorkEnqueuer:
    void enqueueWork(android.content.Intent)
androidx.activity.R$dimen
androidx.core.transition.TransitionKt$addListener$5
androidx.appcompat.widget.AlertDialogLayout:
    public void <init>(android.content.Context)
com.google.gson.JsonSyntaxException:
    private static final long serialVersionUID
androidx.core.view.ViewCompat$FocusDirection
androidx.appcompat.view.menu.CascadingMenuPopup$HorizPosition
androidx.activity.ComponentActivity:
    public void <init>(int)
    public java.lang.Object getLastCustomNonConfigurationInstance()
androidx.annotation.StyleableRes
kotlin.UShortKt
kotlin.collections.CollectionsKt__IterablesKt:
    private static final java.lang.Iterable Iterable(kotlin.jvm.functions.Function0)
    public static final java.lang.Integer collectionSizeOrNull(java.lang.Iterable)
    public static final int collectionSizeOrDefault(java.lang.Iterable,int)
    private static final boolean safeToConvertToSet$CollectionsKt__IterablesKt(java.util.Collection)
    public static final java.util.Collection convertToSetForSetOperationWith(java.lang.Iterable,java.lang.Iterable)
    public static final java.util.Collection convertToSetForSetOperation(java.lang.Iterable)
    public static final java.util.List flatten(java.lang.Iterable)
    public static final kotlin.Pair unzip(java.lang.Iterable)
    public void <init>()
androidx.core.provider.FontsContractCompat$4
kotlin.text.Regex$findAll$2
kotlin.io.ExceptionsKt
androidx.core.text.HtmlCompat